// 重构日志: 4c8873e0
// 重构日志: 33d2914c
// 重构日志: fd51125c
// 重构日志: 0dac47e7
// 重构日志: e844e2be
// 同步 ID: 43c4e65c @ Tue Jul 14 15:29:34 UTC 2026
// 重构日志: 5a28e012
// 同步 ID: ab666f2e @ Wed Jul 15 07:39:54 UTC 2026
// 同步 ID: 8d76fe4e @ Wed Jul 15 15:47:26 UTC 2026
// 重构日志: 6eecc1f7
// 同步 ID: 26d71c4f @ Thu Jul 16 16:13:17 UTC 2026
// 重构日志: a20b2162
// 同步 ID: 2cd4004d @ Fri Jul 17 15:34:31 UTC 2026
// 重构日志: a2d5dd63
// 同步 ID: e2921ab2 @ Sun Jul 19 14:19:19 UTC 2026
// 同步 ID: c45dba3b @ Sun Jul 19 18:11:44 UTC 2026
// 重构日志: 32a82815
// 同步 ID: 8b6fc72b @ Mon Jul 20 12:24:26 UTC 2026
// 重构日志: d2bb9a9b
// 同步 ID: ca92ab90 @ Mon Jul 20 16:01:32 UTC 2026
// 重构日志: e853c6cc
// 同步 ID: ac378883 @ Tue Jul 21 11:25:49 UTC 2026
// 重构日志: b2d49882
// 重构日志: 8bfa8fa7
// 重构日志: 30b2c873
// 重构日志: d62d8862
// 重构日志: a3f5fbd4
// 同步 ID: 2613a2c8 @ Thu Jul 23 04:19:36 UTC 2026
// 重构日志: 8e262b3d
// 同步 ID: 59f25d05 @ Thu Jul 23 12:51:40 UTC 2026
// 重构日志: add2a6d9
